mode: set
github.com/mefellows/mirror/filesystem/comparators.go:16.80,20.41 2 0
github.com/mefellows/mirror/filesystem/comparators.go:23.2,23.13 1 0
github.com/mefellows/mirror/filesystem/comparators.go:20.41,22.3 1 0
github.com/mefellows/mirror/filesystem/filesystem_mock.go:20.55,23.2 1 0
github.com/mefellows/mirror/filesystem/filesystem_mock.go:24.54,26.2 1 0
github.com/mefellows/mirror/filesystem/filesystem_mock.go:28.53,30.2 1 0
github.com/mefellows/mirror/filesystem/filesystem_mock.go:32.47,34.2 1 0
github.com/mefellows/mirror/filesystem/filesystem_mock.go:46.34,48.2 1 1
github.com/mefellows/mirror/filesystem/filesystem_mock.go:50.33,52.2 1 0
github.com/mefellows/mirror/filesystem/filesystem_mock.go:54.40,56.2 1 0
github.com/mefellows/mirror/filesystem/filesystem_mock.go:58.33,60.2 1 0
github.com/mefellows/mirror/filesystem/filesystem_mock.go:62.39,64.2 1 0
github.com/mefellows/mirror/filesystem/filesystem_mock.go:66.38,68.2 1 0
github.com/mefellows/mirror/filesystem/tree.go:31.138,39.31 1 1
github.com/mefellows/mirror/filesystem/tree.go:46.2,46.29 1 1
github.com/mefellows/mirror/filesystem/tree.go:52.2,52.22 1 1
github.com/mefellows/mirror/filesystem/tree.go:39.31,41.3 0 1
github.com/mefellows/mirror/filesystem/tree.go:41.3,43.3 1 0
github.com/mefellows/mirror/filesystem/tree.go:46.29,47.41 1 1
github.com/mefellows/mirror/filesystem/tree.go:47.41,49.4 1 1
github.com/mefellows/mirror/filesystem/tree.go:59.88,60.32 1 0
github.com/mefellows/mirror/filesystem/tree.go:71.2,71.12 1 0
github.com/mefellows/mirror/filesystem/tree.go:60.32,61.42 1 0
github.com/mefellows/mirror/filesystem/tree.go:61.42,65.18 2 0
github.com/mefellows/mirror/filesystem/tree.go:68.4,68.32 1 0
github.com/mefellows/mirror/filesystem/tree.go:65.18,67.5 1 0
github.com/mefellows/mirror/filesystem/tree_mock.go:9.46,11.2 1 1
github.com/mefellows/mirror/filesystem/tree_mock.go:13.48,15.2 1 1
github.com/mefellows/mirror/filesystem/tree_mock.go:17.36,19.2 1 1
